<?xml version="1.0" encoding="UTF-8"?>
<testng-results ignored="0" total="14" passed="14" failed="0" skipped="0">
  <reporter-output>
  </reporter-output>
  <suite started-at="2022-03-25T14:28:03 IST" name="Default suite" finished-at="2022-03-25T14:31:48 IST" duration-ms="225112">
    <groups>
    </groups>
    <test started-at="2022-03-25T14:28:03 IST" name="Default test" finished-at="2022-03-25T14:31:48 IST" duration-ms="225112">
      <class name="com.qt.qualithon.test.MovieSearchTest">
        <test-method is-config="true" signature="testSessionSetUp()[pri:0, instance:com.qt.qualithon.test.MovieSearchTest@fa49800]" started-at="2022-03-25T14:28:03 IST" name="testSessionSetUp" finished-at="2022-03-25T14:28:06 IST" duration-ms="3458" status="PASS">
          <reporter-output>
          </reporter-output>
        </test-method> <!-- testSessionSetUp -->
        <test-method signature="testMovieMetadataOnWebHasCorrectDirectorName(java.lang.String)[pri:0, instance:com.qt.qualithon.test.MovieSearchTest@fa49800]" started-at="2022-03-25T14:28:06 IST" name="testMovieMetadataOnWebHasCorrectDirectorName" data-provider="popularMovieTitles" finished-at="2022-03-25T14:28:22 IST" duration-ms="15569" status="PASS">
          <params>
            <param index="0">
              <value>
                <![CDATA[A Clockwork Orange]]>
              </value>
            </param>
          </params>
          <reporter-output>
          </reporter-output>
        </test-method> <!-- testMovieMetadataOnWebHasCorrectDirectorName -->
        <test-method is-config="true" signature="testTearDown()[pri:0, instance:com.qt.qualithon.test.MovieSearchTest@fa49800]" started-at="2022-03-25T14:28:22 IST" name="testTearDown" finished-at="2022-03-25T14:28:22 IST" duration-ms="398" status="PASS">
          <reporter-output>
          </reporter-output>
        </test-method> <!-- testTearDown -->
        <test-method is-config="true" signature="testSessionSetUp()[pri:0, instance:com.qt.qualithon.test.MovieSearchTest@fa49800]" started-at="2022-03-25T14:28:22 IST" name="testSessionSetUp" finished-at="2022-03-25T14:28:24 IST" duration-ms="1791" status="PASS">
          <reporter-output>
          </reporter-output>
        </test-method> <!-- testSessionSetUp -->
        <test-method signature="testMovieMetadataOnWebHasCorrectDirectorName(java.lang.String)[pri:0, instance:com.qt.qualithon.test.MovieSearchTest@fa49800]" started-at="2022-03-25T14:28:24 IST" name="testMovieMetadataOnWebHasCorrectDirectorName" data-provider="popularMovieTitles" finished-at="2022-03-25T14:28:37 IST" duration-ms="12998" status="PASS">
          <params>
            <param index="0">
              <value>
                <![CDATA[The Dark Knight Rises]]>
              </value>
            </param>
          </params>
          <reporter-output>
          </reporter-output>
        </test-method> <!-- testMovieMetadataOnWebHasCorrectDirectorName -->
        <test-method is-config="true" signature="testTearDown()[pri:0, instance:com.qt.qualithon.test.MovieSearchTest@fa49800]" started-at="2022-03-25T14:28:37 IST" name="testTearDown" finished-at="2022-03-25T14:28:37 IST" duration-ms="363" status="PASS">
          <reporter-output>
          </reporter-output>
        </test-method> <!-- testTearDown -->
        <test-method is-config="true" signature="testSessionSetUp()[pri:0, instance:com.qt.qualithon.test.MovieSearchTest@fa49800]" started-at="2022-03-25T14:28:37 IST" name="testSessionSetUp" finished-at="2022-03-25T14:28:39 IST" duration-ms="1829" status="PASS">
          <reporter-output>
          </reporter-output>
        </test-method> <!-- testSessionSetUp -->
        <test-method signature="testMovieMetadataOnWebHasCorrectGenres(java.lang.String)[pri:0, instance:com.qt.qualithon.test.MovieSearchTest@fa49800]" started-at="2022-03-25T14:28:39 IST" name="testMovieMetadataOnWebHasCorrectGenres" data-provider="popularMovieTitles" finished-at="2022-03-25T14:28:53 IST" duration-ms="13629" status="PASS">
          <params>
            <param index="0">
              <value>
                <![CDATA[A Clockwork Orange]]>
              </value>
            </param>
          </params>
          <reporter-output>
          </reporter-output>
        </test-method> <!-- testMovieMetadataOnWebHasCorrectGenres -->
        <test-method is-config="true" signature="testTearDown()[pri:0, instance:com.qt.qualithon.test.MovieSearchTest@fa49800]" started-at="2022-03-25T14:28:53 IST" name="testTearDown" finished-at="2022-03-25T14:28:53 IST" duration-ms="329" status="PASS">
          <reporter-output>
          </reporter-output>
        </test-method> <!-- testTearDown -->
        <test-method is-config="true" signature="testSessionSetUp()[pri:0, instance:com.qt.qualithon.test.MovieSearchTest@fa49800]" started-at="2022-03-25T14:28:53 IST" name="testSessionSetUp" finished-at="2022-03-25T14:28:55 IST" duration-ms="1789" status="PASS">
          <reporter-output>
          </reporter-output>
        </test-method> <!-- testSessionSetUp -->
        <test-method signature="testMovieMetadataOnWebHasCorrectGenres(java.lang.String)[pri:0, instance:com.qt.qualithon.test.MovieSearchTest@fa49800]" started-at="2022-03-25T14:28:55 IST" name="testMovieMetadataOnWebHasCorrectGenres" data-provider="popularMovieTitles" finished-at="2022-03-25T14:29:09 IST" duration-ms="14535" status="PASS">
          <params>
            <param index="0">
              <value>
                <![CDATA[The Dark Knight Rises]]>
              </value>
            </param>
          </params>
          <reporter-output>
          </reporter-output>
        </test-method> <!-- testMovieMetadataOnWebHasCorrectGenres -->
        <test-method is-config="true" signature="testTearDown()[pri:0, instance:com.qt.qualithon.test.MovieSearchTest@fa49800]" started-at="2022-03-25T14:29:09 IST" name="testTearDown" finished-at="2022-03-25T14:29:10 IST" duration-ms="348" status="PASS">
          <reporter-output>
          </reporter-output>
        </test-method> <!-- testTearDown -->
        <test-method is-config="true" signature="testSessionSetUp()[pri:0, instance:com.qt.qualithon.test.MovieSearchTest@fa49800]" started-at="2022-03-25T14:29:10 IST" name="testSessionSetUp" finished-at="2022-03-25T14:29:12 IST" duration-ms="1873" status="PASS">
          <reporter-output>
          </reporter-output>
        </test-method> <!-- testSessionSetUp -->
        <test-method signature="testMovieMetadataOnWebHasCorrectMaturityRating(java.lang.String)[pri:0, instance:com.qt.qualithon.test.MovieSearchTest@fa49800]" started-at="2022-03-25T14:29:12 IST" name="testMovieMetadataOnWebHasCorrectMaturityRating" data-provider="popularMovieTitles" finished-at="2022-03-25T14:29:25 IST" duration-ms="13710" status="PASS">
          <params>
            <param index="0">
              <value>
                <![CDATA[A Clockwork Orange]]>
              </value>
            </param>
          </params>
          <reporter-output>
          </reporter-output>
        </test-method> <!-- testMovieMetadataOnWebHasCorrectMaturityRating -->
        <test-method is-config="true" signature="testTearDown()[pri:0, instance:com.qt.qualithon.test.MovieSearchTest@fa49800]" started-at="2022-03-25T14:29:25 IST" name="testTearDown" finished-at="2022-03-25T14:29:26 IST" duration-ms="375" status="PASS">
          <reporter-output>
          </reporter-output>
        </test-method> <!-- testTearDown -->
        <test-method is-config="true" signature="testSessionSetUp()[pri:0, instance:com.qt.qualithon.test.MovieSearchTest@fa49800]" started-at="2022-03-25T14:29:26 IST" name="testSessionSetUp" finished-at="2022-03-25T14:29:27 IST" duration-ms="1739" status="PASS">
          <reporter-output>
          </reporter-output>
        </test-method> <!-- testSessionSetUp -->
        <test-method signature="testMovieMetadataOnWebHasCorrectMaturityRating(java.lang.String)[pri:0, instance:com.qt.qualithon.test.MovieSearchTest@fa49800]" started-at="2022-03-25T14:29:27 IST" name="testMovieMetadataOnWebHasCorrectMaturityRating" data-provider="popularMovieTitles" finished-at="2022-03-25T14:29:41 IST" duration-ms="13540" status="PASS">
          <params>
            <param index="0">
              <value>
                <![CDATA[The Dark Knight Rises]]>
              </value>
            </param>
          </params>
          <reporter-output>
          </reporter-output>
        </test-method> <!-- testMovieMetadataOnWebHasCorrectMaturityRating -->
        <test-method is-config="true" signature="testTearDown()[pri:0, instance:com.qt.qualithon.test.MovieSearchTest@fa49800]" started-at="2022-03-25T14:29:41 IST" name="testTearDown" finished-at="2022-03-25T14:29:41 IST" duration-ms="370" status="PASS">
          <reporter-output>
          </reporter-output>
        </test-method> <!-- testTearDown -->
        <test-method is-config="true" signature="testSessionSetUp()[pri:0, instance:com.qt.qualithon.test.MovieSearchTest@fa49800]" started-at="2022-03-25T14:29:41 IST" name="testSessionSetUp" finished-at="2022-03-25T14:29:43 IST" duration-ms="1787" status="PASS">
          <reporter-output>
          </reporter-output>
        </test-method> <!-- testSessionSetUp -->
        <test-method signature="testMovieMetadataOnWebHasCorrectMovieRatingScore(java.lang.String)[pri:0, instance:com.qt.qualithon.test.MovieSearchTest@fa49800]" started-at="2022-03-25T14:29:43 IST" name="testMovieMetadataOnWebHasCorrectMovieRatingScore" data-provider="popularMovieTitles" finished-at="2022-03-25T14:29:57 IST" duration-ms="13822" status="PASS">
          <params>
            <param index="0">
              <value>
                <![CDATA[A Clockwork Orange]]>
              </value>
            </param>
          </params>
          <reporter-output>
          </reporter-output>
        </test-method> <!-- testMovieMetadataOnWebHasCorrectMovieRatingScore -->
        <test-method is-config="true" signature="testTearDown()[pri:0, instance:com.qt.qualithon.test.MovieSearchTest@fa49800]" started-at="2022-03-25T14:29:57 IST" name="testTearDown" finished-at="2022-03-25T14:29:57 IST" duration-ms="314" status="PASS">
          <reporter-output>
          </reporter-output>
        </test-method> <!-- testTearDown -->
        <test-method is-config="true" signature="testSessionSetUp()[pri:0, instance:com.qt.qualithon.test.MovieSearchTest@fa49800]" started-at="2022-03-25T14:29:57 IST" name="testSessionSetUp" finished-at="2022-03-25T14:29:59 IST" duration-ms="1801" status="PASS">
          <reporter-output>
          </reporter-output>
        </test-method> <!-- testSessionSetUp -->
        <test-method signature="testMovieMetadataOnWebHasCorrectMovieRatingScore(java.lang.String)[pri:0, instance:com.qt.qualithon.test.MovieSearchTest@fa49800]" started-at="2022-03-25T14:29:59 IST" name="testMovieMetadataOnWebHasCorrectMovieRatingScore" data-provider="popularMovieTitles" finished-at="2022-03-25T14:30:13 IST" duration-ms="13716" status="PASS">
          <params>
            <param index="0">
              <value>
                <![CDATA[The Dark Knight Rises]]>
              </value>
            </param>
          </params>
          <reporter-output>
          </reporter-output>
        </test-method> <!-- testMovieMetadataOnWebHasCorrectMovieRatingScore -->
        <test-method is-config="true" signature="testTearDown()[pri:0, instance:com.qt.qualithon.test.MovieSearchTest@fa49800]" started-at="2022-03-25T14:30:13 IST" name="testTearDown" finished-at="2022-03-25T14:30:13 IST" duration-ms="326" status="PASS">
          <reporter-output>
          </reporter-output>
        </test-method> <!-- testTearDown -->
        <test-method is-config="true" signature="testSessionSetUp()[pri:0, instance:com.qt.qualithon.test.MovieSearchTest@fa49800]" started-at="2022-03-25T14:30:13 IST" name="testSessionSetUp" finished-at="2022-03-25T14:30:15 IST" duration-ms="1756" status="PASS">
          <reporter-output>
          </reporter-output>
        </test-method> <!-- testSessionSetUp -->
        <test-method signature="testMovieMetadataOnWebHasCorrectReleaseYear(java.lang.String)[pri:0, instance:com.qt.qualithon.test.MovieSearchTest@fa49800]" started-at="2022-03-25T14:30:15 IST" name="testMovieMetadataOnWebHasCorrectReleaseYear" data-provider="popularMovieTitles" finished-at="2022-03-25T14:30:28 IST" duration-ms="13195" status="PASS">
          <params>
            <param index="0">
              <value>
                <![CDATA[A Clockwork Orange]]>
              </value>
            </param>
          </params>
          <reporter-output>
          </reporter-output>
        </test-method> <!-- testMovieMetadataOnWebHasCorrectReleaseYear -->
        <test-method is-config="true" signature="testTearDown()[pri:0, instance:com.qt.qualithon.test.MovieSearchTest@fa49800]" started-at="2022-03-25T14:30:28 IST" name="testTearDown" finished-at="2022-03-25T14:30:28 IST" duration-ms="421" status="PASS">
          <reporter-output>
          </reporter-output>
        </test-method> <!-- testTearDown -->
        <test-method is-config="true" signature="testSessionSetUp()[pri:0, instance:com.qt.qualithon.test.MovieSearchTest@fa49800]" started-at="2022-03-25T14:30:28 IST" name="testSessionSetUp" finished-at="2022-03-25T14:30:30 IST" duration-ms="1780" status="PASS">
          <reporter-output>
          </reporter-output>
        </test-method> <!-- testSessionSetUp -->
        <test-method signature="testMovieMetadataOnWebHasCorrectReleaseYear(java.lang.String)[pri:0, instance:com.qt.qualithon.test.MovieSearchTest@fa49800]" started-at="2022-03-25T14:30:30 IST" name="testMovieMetadataOnWebHasCorrectReleaseYear" data-provider="popularMovieTitles" finished-at="2022-03-25T14:30:44 IST" duration-ms="13996" status="PASS">
          <params>
            <param index="0">
              <value>
                <![CDATA[The Dark Knight Rises]]>
              </value>
            </param>
          </params>
          <reporter-output>
          </reporter-output>
        </test-method> <!-- testMovieMetadataOnWebHasCorrectReleaseYear -->
        <test-method is-config="true" signature="testTearDown()[pri:0, instance:com.qt.qualithon.test.MovieSearchTest@fa49800]" started-at="2022-03-25T14:30:44 IST" name="testTearDown" finished-at="2022-03-25T14:30:44 IST" duration-ms="319" status="PASS">
          <reporter-output>
          </reporter-output>
        </test-method> <!-- testTearDown -->
        <test-method is-config="true" signature="testSessionSetUp()[pri:0, instance:com.qt.qualithon.test.MovieSearchTest@fa49800]" started-at="2022-03-25T14:30:44 IST" name="testSessionSetUp" finished-at="2022-03-25T14:30:46 IST" duration-ms="1769" status="PASS">
          <reporter-output>
          </reporter-output>
        </test-method> <!-- testSessionSetUp -->
        <test-method signature="testMovieMetadataOnWebHasCorrectWriters(java.lang.String)[pri:0, instance:com.qt.qualithon.test.MovieSearchTest@fa49800]" started-at="2022-03-25T14:30:46 IST" name="testMovieMetadataOnWebHasCorrectWriters" data-provider="popularMovieTitles" finished-at="2022-03-25T14:31:00 IST" duration-ms="13944" status="PASS">
          <params>
            <param index="0">
              <value>
                <![CDATA[A Clockwork Orange]]>
              </value>
            </param>
          </params>
          <reporter-output>
          </reporter-output>
        </test-method> <!-- testMovieMetadataOnWebHasCorrectWriters -->
        <test-method is-config="true" signature="testTearDown()[pri:0, instance:com.qt.qualithon.test.MovieSearchTest@fa49800]" started-at="2022-03-25T14:31:00 IST" name="testTearDown" finished-at="2022-03-25T14:31:01 IST" duration-ms="329" status="PASS">
          <reporter-output>
          </reporter-output>
        </test-method> <!-- testTearDown -->
        <test-method is-config="true" signature="testSessionSetUp()[pri:0, instance:com.qt.qualithon.test.MovieSearchTest@fa49800]" started-at="2022-03-25T14:31:01 IST" name="testSessionSetUp" finished-at="2022-03-25T14:31:02 IST" duration-ms="1769" status="PASS">
          <reporter-output>
          </reporter-output>
        </test-method> <!-- testSessionSetUp -->
        <test-method signature="testMovieMetadataOnWebHasCorrectWriters(java.lang.String)[pri:0, instance:com.qt.qualithon.test.MovieSearchTest@fa49800]" started-at="2022-03-25T14:31:02 IST" name="testMovieMetadataOnWebHasCorrectWriters" data-provider="popularMovieTitles" finished-at="2022-03-25T14:31:15 IST" duration-ms="13027" status="PASS">
          <params>
            <param index="0">
              <value>
                <![CDATA[The Dark Knight Rises]]>
              </value>
            </param>
          </params>
          <reporter-output>
          </reporter-output>
        </test-method> <!-- testMovieMetadataOnWebHasCorrectWriters -->
        <test-method is-config="true" signature="testTearDown()[pri:0, instance:com.qt.qualithon.test.MovieSearchTest@fa49800]" started-at="2022-03-25T14:31:15 IST" name="testTearDown" finished-at="2022-03-25T14:31:16 IST" duration-ms="365" status="PASS">
          <reporter-output>
          </reporter-output>
        </test-method> <!-- testTearDown -->
        <test-method is-config="true" signature="testSessionSetUp()[pri:0, instance:com.qt.qualithon.test.MovieSearchTest@fa49800]" started-at="2022-03-25T14:31:16 IST" name="testSessionSetUp" finished-at="2022-03-25T14:31:17 IST" duration-ms="1777" status="PASS">
          <reporter-output>
          </reporter-output>
        </test-method> <!-- testSessionSetUp -->
        <test-method signature="testSearchByExactMovieTitleReturnsMovieAsFirstResult(java.lang.String)[pri:0, instance:com.qt.qualithon.test.MovieSearchTest@fa49800]" started-at="2022-03-25T14:31:17 IST" name="testSearchByExactMovieTitleReturnsMovieAsFirstResult" data-provider="popularMovieTitles" finished-at="2022-03-25T14:31:31 IST" duration-ms="13169" status="PASS">
          <params>
            <param index="0">
              <value>
                <![CDATA[A Clockwork Orange]]>
              </value>
            </param>
          </params>
          <reporter-output>
          </reporter-output>
        </test-method> <!-- testSearchByExactMovieTitleReturnsMovieAsFirstResult -->
        <test-method is-config="true" signature="testTearDown()[pri:0, instance:com.qt.qualithon.test.MovieSearchTest@fa49800]" started-at="2022-03-25T14:31:31 IST" name="testTearDown" finished-at="2022-03-25T14:31:31 IST" duration-ms="340" status="PASS">
          <reporter-output>
          </reporter-output>
        </test-method> <!-- testTearDown -->
        <test-method is-config="true" signature="testSessionSetUp()[pri:0, instance:com.qt.qualithon.test.MovieSearchTest@fa49800]" started-at="2022-03-25T14:31:31 IST" name="testSessionSetUp" finished-at="2022-03-25T14:31:33 IST" duration-ms="1795" status="PASS">
          <reporter-output>
          </reporter-output>
        </test-method> <!-- testSessionSetUp -->
        <test-method signature="testSearchByExactMovieTitleReturnsMovieAsFirstResult(java.lang.String)[pri:0, instance:com.qt.qualithon.test.MovieSearchTest@fa49800]" started-at="2022-03-25T14:31:33 IST" name="testSearchByExactMovieTitleReturnsMovieAsFirstResult" data-provider="popularMovieTitles" finished-at="2022-03-25T14:31:47 IST" duration-ms="14517" status="PASS">
          <params>
            <param index="0">
              <value>
                <![CDATA[The Dark Knight Rises]]>
              </value>
            </param>
          </params>
          <reporter-output>
          </reporter-output>
        </test-method> <!-- testSearchByExactMovieTitleReturnsMovieAsFirstResult -->
        <test-method is-config="true" signature="testTearDown()[pri:0, instance:com.qt.qualithon.test.MovieSearchTest@fa49800]" started-at="2022-03-25T14:31:47 IST" name="testTearDown" finished-at="2022-03-25T14:31:48 IST" duration-ms="363" status="PASS">
          <reporter-output>
          </reporter-output>
        </test-method> <!-- testTearDown -->
      </class> <!-- com.qt.qualithon.test.MovieSearchTest -->
    </test> <!-- Default test -->
  </suite> <!-- Default suite -->
</testng-results>
