<?xml version="1.0" encoding="UTF-8"?>
<testng-results ignored="6" total="8" passed="2" failed="0" skipped="0">
  <reporter-output>
  </reporter-output>
  <suite started-at="2022-03-25T12:24:49 IST" name="Default suite" finished-at="2022-03-25T12:25:30 IST" duration-ms="40922">
    <groups>
    </groups>
    <test started-at="2022-03-25T12:24:49 IST" name="Default test" finished-at="2022-03-25T12:25:30 IST" duration-ms="40922">
      <class name="com.qt.qualithon.test.MovieSearchTest">
        <test-method is-config="true" signature="testSessionSetUp()[pri:0, instance:com.qt.qualithon.test.MovieSearchTest@fa49800]" started-at="2022-03-25T12:24:49 IST" name="testSessionSetUp" finished-at="2022-03-25T12:24:53 IST" duration-ms="3994" status="PASS">
          <reporter-output>
          </reporter-output>
        </test-method> <!-- testSessionSetUp -->
        <test-method signature="testMovieMetadataOnWebHasCorrectMaturityRating(java.lang.String)[pri:0, instance:com.qt.qualithon.test.MovieSearchTest@fa49800]" started-at="2022-03-25T12:24:53 IST" name="testMovieMetadataOnWebHasCorrectMaturityRating" data-provider="popularMovieTitles" finished-at="2022-03-25T12:25:12 IST" duration-ms="18915" status="PASS">
          <params>
            <param index="0">
              <value>
                <![CDATA[A Clockwork Orange]]>
              </value>
            </param>
          </params>
          <reporter-output>
          </reporter-output>
        </test-method> <!-- testMovieMetadataOnWebHasCorrectMaturityRating -->
        <test-method is-config="true" signature="testTearDown()[pri:0, instance:com.qt.qualithon.test.MovieSearchTest@fa49800]" started-at="2022-03-25T12:25:12 IST" name="testTearDown" finished-at="2022-03-25T12:25:13 IST" duration-ms="423" status="PASS">
          <reporter-output>
          </reporter-output>
        </test-method> <!-- testTearDown -->
        <test-method is-config="true" signature="testSessionSetUp()[pri:0, instance:com.qt.qualithon.test.MovieSearchTest@fa49800]" started-at="2022-03-25T12:25:13 IST" name="testSessionSetUp" finished-at="2022-03-25T12:25:15 IST" duration-ms="2060" status="PASS">
          <reporter-output>
          </reporter-output>
        </test-method> <!-- testSessionSetUp -->
        <test-method signature="testMovieMetadataOnWebHasCorrectMaturityRating(java.lang.String)[pri:0, instance:com.qt.qualithon.test.MovieSearchTest@fa49800]" started-at="2022-03-25T12:25:15 IST" name="testMovieMetadataOnWebHasCorrectMaturityRating" data-provider="popularMovieTitles" finished-at="2022-03-25T12:25:30 IST" duration-ms="15042" status="PASS">
          <params>
            <param index="0">
              <value>
                <![CDATA[The Dark Knight Rises]]>
              </value>
            </param>
          </params>
          <reporter-output>
          </reporter-output>
        </test-method> <!-- testMovieMetadataOnWebHasCorrectMaturityRating -->
        <test-method is-config="true" signature="testTearDown()[pri:0, instance:com.qt.qualithon.test.MovieSearchTest@fa49800]" started-at="2022-03-25T12:25:30 IST" name="testTearDown" finished-at="2022-03-25T12:25:30 IST" duration-ms="436" status="PASS">
          <reporter-output>
          </reporter-output>
        </test-method> <!-- testTearDown -->
      </class> <!-- com.qt.qualithon.test.MovieSearchTest -->
    </test> <!-- Default test -->
  </suite> <!-- Default suite -->
</testng-results>
